<?xml version="1.0" encoding="UTF-8"?>
<testng-results ignored="0" total="1" passed="1" failed="0" skipped="0">
  <reporter-output>
  </reporter-output>
  <suite started-at="2021-10-18T12:22:57 EET" name="Default suite" finished-at="2021-10-18T12:23:15 EET" duration-ms="17828">
    <groups>
    </groups>
    <test started-at="2021-10-18T12:22:57 EET" name="Default test" finished-at="2021-10-18T12:23:15 EET" duration-ms="17828">
      <class name="test.TPRO">
        <test-method is-config="true" signature="setUp()[pri:0, instance:test.TPRO@7bd4937b]" started-at="2021-10-18T12:22:57 EET" name="setUp" finished-at="2021-10-18T12:23:02 EET" duration-ms="4343" status="PASS">
          <reporter-output>
          </reporter-output>
        </test-method> <!-- setUp -->
        <test-method signature="TCase()[pri:0, instance:test.TPRO@7bd4937b]" started-at="2021-10-18T12:23:02 EET" name="TCase" finished-at="2021-10-18T12:23:15 EET" duration-ms="13422" status="PASS">
          <reporter-output>
          </reporter-output>
        </test-method> <!-- TCase -->
      </class> <!-- test.TPRO -->
    </test> <!-- Default test -->
  </suite> <!-- Default suite -->
</testng-results>
